<?xml version="1.0" encoding="UTF-8"?>
<!-- Generated by org.testng.reporters.JUnitXMLReporter -->
<testsuite ignored="0" hostname="JunePC" failures="0" tests="6" name="Test" time="25.35" errors="0" timestamp="2024-08-08T16:13:44 PDT">
  <testcase classname="com.Functionalty.EndToEnd" name="loginUser" time="0.504"/>
  <testcase classname="com.Functionalty.EndToEnd" name="verifyCartEmpty" time="20.121"/>
  <testcase classname="com.Functionalty.EndToEnd" name="AddElementsToTheCart" time="0.456"/>
  <testcase classname="com.Functionalty.EndToEnd" name="checkOut" time="0.191"/>
  <testcase classname="com.Functionalty.EndToEnd" name="fillForm" time="0.51"/>
  <testcase classname="com.Functionalty.EndToEnd" name="checOutCart" time="0.202"/>
</testsuite> <!-- Test -->
