<?xml version="1.0" encoding="UTF-8"?>
<testng-results ignored="0" total="6" passed="6" failed="0" skipped="0">
  <reporter-output>
  </reporter-output>
  <suite started-at="2024-08-08T16:13:19 PDT" name="Suite" finished-at="2024-08-08T16:13:44 PDT" duration-ms="25350">
    <groups>
    </groups>
    <test started-at="2024-08-08T16:13:19 PDT" name="Test" finished-at="2024-08-08T16:13:44 PDT" duration-ms="25350">
      <class name="com.Functionalty.EndToEnd">
        <test-method is-config="true" signature="landingPage()[pri:0, instance:com.Functionalty.EndToEnd@1e0b4072]" started-at="2024-08-08T16:13:19 PDT" name="landingPage" finished-at="2024-08-08T16:13:22 PDT" duration-ms="3096" status="PASS">
          <reporter-output>
          </reporter-output>
        </test-method> <!-- landingPage -->
        <test-method signature="loginUser()[pri:1, instance:com.Functionalty.EndToEnd@1e0b4072]" started-at="2024-08-08T16:13:22 PDT" name="loginUser" finished-at="2024-08-08T16:13:22 PDT" duration-ms="504" status="PASS">
          <reporter-output>
          </reporter-output>
        </test-method> <!-- loginUser -->
        <test-method signature="verifyCartEmpty()[pri:2, instance:com.Functionalty.EndToEnd@1e0b4072]" started-at="2024-08-08T16:13:22 PDT" name="verifyCartEmpty" finished-at="2024-08-08T16:13:42 PDT" duration-ms="20121" status="PASS">
          <reporter-output>
          </reporter-output>
        </test-method> <!-- verifyCartEmpty -->
        <test-method signature="AddElementsToTheCart()[pri:3, instance:com.Functionalty.EndToEnd@1e0b4072]" started-at="2024-08-08T16:13:42 PDT" name="AddElementsToTheCart" finished-at="2024-08-08T16:13:43 PDT" duration-ms="456" status="PASS">
          <reporter-output>
          </reporter-output>
        </test-method> <!-- AddElementsToTheCart -->
        <test-method signature="checkOut()[pri:4, instance:com.Functionalty.EndToEnd@1e0b4072]" started-at="2024-08-08T16:13:43 PDT" name="checkOut" finished-at="2024-08-08T16:13:43 PDT" duration-ms="191" status="PASS">
          <reporter-output>
          </reporter-output>
        </test-method> <!-- checkOut -->
        <test-method signature="fillForm(java.lang.String,java.lang.String,java.lang.String)[pri:5, instance:com.Functionalty.EndToEnd@1e0b4072]" started-at="2024-08-08T16:13:43 PDT" name="fillForm" finished-at="2024-08-08T16:13:44 PDT" duration-ms="510" status="PASS">
          <params>
            <param index="0">
              <value>
                <![CDATA[abc]]>
              </value>
            </param>
            <param index="1">
              <value>
                <![CDATA[xyz]]>
              </value>
            </param>
            <param index="2">
              <value>
                <![CDATA[1234]]>
              </value>
            </param>
          </params>
          <reporter-output>
          </reporter-output>
        </test-method> <!-- fillForm -->
        <test-method signature="checOutCart()[pri:6, instance:com.Functionalty.EndToEnd@1e0b4072]" started-at="2024-08-08T16:13:44 PDT" name="checOutCart" finished-at="2024-08-08T16:13:44 PDT" duration-ms="202" status="PASS">
          <reporter-output>
          </reporter-output>
        </test-method> <!-- checOutCart -->
        <test-method is-config="true" signature="TearDown()[pri:0, instance:com.Functionalty.EndToEnd@1e0b4072]" started-at="2024-08-08T16:13:44 PDT" name="TearDown" finished-at="2024-08-08T16:13:44 PDT" duration-ms="227" status="PASS">
          <reporter-output>
          </reporter-output>
        </test-method> <!-- TearDown -->
      </class> <!-- com.Functionalty.EndToEnd -->
    </test> <!-- Test -->
  </suite> <!-- Suite -->
</testng-results>
